c:\users\baohao\downloads\mhf (1)\mhf\debug\mhf.pch
c:\users\baohao\downloads\mhf (1)\mhf\debug\vc140.pdb
c:\users\baohao\downloads\mhf (1)\mhf\debug\vc140.idb
c:\users\baohao\downloads\mhf (1)\mhf\debug\stdafx.obj
c:\users\baohao\downloads\mhf (1)\mhf\debug\lobbystnbtn.obj
c:\users\baohao\downloads\mhf (1)\mhf\debug\logo.obj
c:\users\baohao\downloads\mhf (1)\mhf\debug\maingame.obj
c:\users\baohao\downloads\mhf (1)\mhf\debug\mhf.obj
c:\users\baohao\downloads\mhf (1)\mhf\debug\monstage.obj
c:\users\baohao\downloads\mhf (1)\mhf\debug\monster.obj
c:\users\baohao\downloads\mhf (1)\mhf\debug\mouse.obj
c:\users\baohao\downloads\mhf (1)\mhf\debug\object.obj
c:\users\baohao\downloads\mhf (1)\mhf\debug\objmgr.obj
c:\users\baohao\downloads\mhf (1)\mhf\debug\player.obj
c:\users\baohao\downloads\mhf (1)\mhf\debug\rightbullet.obj
c:\users\baohao\downloads\mhf (1)\mhf\debug\scene.obj
c:\users\baohao\downloads\mhf (1)\mhf\debug\scenemgr.obj
c:\users\baohao\downloads\mhf (1)\mhf\debug\stage.obj
c:\users\baohao\downloads\mhf (1)\mhf\debug\start.obj
c:\users\baohao\downloads\mhf (1)\mhf\debug\startbtn.obj
c:\users\baohao\downloads\mhf (1)\mhf\debug\startui.obj
c:\users\baohao\downloads\mhf (1)\mhf\debug\tile.obj
c:\users\baohao\downloads\mhf (1)\mhf\debug\tilemgr.obj
c:\users\baohao\downloads\mhf (1)\mhf\debug\upbullet.obj
c:\users\baohao\downloads\mhf (1)\mhf\debug\background.obj
c:\users\baohao\downloads\mhf (1)\mhf\debug\bmp.obj
c:\users\baohao\downloads\mhf (1)\mhf\debug\bmpmgr.obj
c:\users\baohao\downloads\mhf (1)\mhf\debug\box.obj
c:\users\baohao\downloads\mhf (1)\mhf\debug\bullet.obj
c:\users\baohao\downloads\mhf (1)\mhf\debug\collisionmgr.obj
c:\users\baohao\downloads\mhf (1)\mhf\debug\downbullet.obj
c:\users\baohao\downloads\mhf (1)\mhf\debug\item.obj
c:\users\baohao\downloads\mhf (1)\mhf\debug\keymgr.obj
c:\users\baohao\downloads\mhf (1)\mhf\debug\leftbullet.obj
c:\users\baohao\downloads\mhf (1)\mhf\debug\lobby.obj
c:\users\baohao\downloads\mhf (1)\mhf\debug\soundmgr.obj
c:\users\baohao\downloads\mhf (1)\mhf\debug\bossmonster.obj
c:\users\baohao\downloads\mhf (1)\mhf\debug\pickmonster.obj
c:\users\baohao\downloads\mhf (1)\mhf\debug\boss.obj
c:\users\baohao\downloads\mhf (1)\debug\mhf.ilk
c:\users\baohao\downloads\mhf (1)\debug\mhf.exe
c:\users\baohao\downloads\mhf (1)\debug\mhf.pdb
c:\users\baohao\downloads\mhf (1)\mhf\debug\mhf.res
c:\users\baohao\downloads\mhf (1)\mhf\debug\mhf.tlog\cl.command.1.tlog
c:\users\baohao\downloads\mhf (1)\mhf\debug\mhf.tlog\cl.read.1.tlog
c:\users\baohao\downloads\mhf (1)\mhf\debug\mhf.tlog\cl.write.1.tlog
c:\users\baohao\downloads\mhf (1)\mhf\debug\mhf.tlog\link.command.1.tlog
c:\users\baohao\downloads\mhf (1)\mhf\debug\mhf.tlog\link.read.1.tlog
c:\users\baohao\downloads\mhf (1)\mhf\debug\mhf.tlog\link.write.1.tlog
c:\users\baohao\downloads\mhf (1)\mhf\debug\mhf.tlog\rc.command.1.tlog
c:\users\baohao\downloads\mhf (1)\mhf\debug\mhf.tlog\rc.read.1.tlog
c:\users\baohao\downloads\mhf (1)\mhf\debug\mhf.tlog\rc.write.1.tlog
