c:\users\baohao\source\repos\3.crazy arcade git\c.a-\mhf\mhf\debug\mhf.pch
c:\users\baohao\source\repos\3.crazy arcade git\c.a-\mhf\mhf\debug\vc140.pdb
c:\users\baohao\source\repos\3.crazy arcade git\c.a-\mhf\mhf\debug\vc140.idb
c:\users\baohao\source\repos\3.crazy arcade git\c.a-\mhf\mhf\debug\stdafx.obj
c:\users\baohao\source\repos\3.crazy arcade git\c.a-\mhf\mhf\debug\lobby.obj
c:\users\baohao\source\repos\3.crazy arcade git\c.a-\mhf\mhf\debug\lobbystnbtn.obj
c:\users\baohao\source\repos\3.crazy arcade git\c.a-\mhf\mhf\debug\logo.obj
c:\users\baohao\source\repos\3.crazy arcade git\c.a-\mhf\mhf\debug\maingame.obj
c:\users\baohao\source\repos\3.crazy arcade git\c.a-\mhf\mhf\debug\mhf.obj
c:\users\baohao\source\repos\3.crazy arcade git\c.a-\mhf\mhf\debug\monster.obj
c:\users\baohao\source\repos\3.crazy arcade git\c.a-\mhf\mhf\debug\mouse.obj
c:\users\baohao\source\repos\3.crazy arcade git\c.a-\mhf\mhf\debug\object.obj
c:\users\baohao\source\repos\3.crazy arcade git\c.a-\mhf\mhf\debug\objmgr.obj
c:\users\baohao\source\repos\3.crazy arcade git\c.a-\mhf\mhf\debug\player.obj
c:\users\baohao\source\repos\3.crazy arcade git\c.a-\mhf\mhf\debug\playercollider.obj
c:\users\baohao\source\repos\3.crazy arcade git\c.a-\mhf\mhf\debug\scene.obj
c:\users\baohao\source\repos\3.crazy arcade git\c.a-\mhf\mhf\debug\scenemgr.obj
c:\users\baohao\source\repos\3.crazy arcade git\c.a-\mhf\mhf\debug\stage.obj
c:\users\baohao\source\repos\3.crazy arcade git\c.a-\mhf\mhf\debug\start.obj
c:\users\baohao\source\repos\3.crazy arcade git\c.a-\mhf\mhf\debug\startbtn.obj
c:\users\baohao\source\repos\3.crazy arcade git\c.a-\mhf\mhf\debug\startui.obj
c:\users\baohao\source\repos\3.crazy arcade git\c.a-\mhf\mhf\debug\tile.obj
c:\users\baohao\source\repos\3.crazy arcade git\c.a-\mhf\mhf\debug\tilemgr.obj
c:\users\baohao\source\repos\3.crazy arcade git\c.a-\mhf\mhf\debug\upflow.obj
c:\users\baohao\source\repos\3.crazy arcade git\c.a-\mhf\mhf\debug\bmp.obj
c:\users\baohao\source\repos\3.crazy arcade git\c.a-\mhf\mhf\debug\bmpmgr.obj
c:\users\baohao\source\repos\3.crazy arcade git\c.a-\mhf\mhf\debug\box.obj
c:\users\baohao\source\repos\3.crazy arcade git\c.a-\mhf\mhf\debug\bullet.obj
c:\users\baohao\source\repos\3.crazy arcade git\c.a-\mhf\mhf\debug\collisionmgr.obj
c:\users\baohao\source\repos\3.crazy arcade git\c.a-\mhf\mhf\debug\item.obj
c:\users\baohao\source\repos\3.crazy arcade git\c.a-\mhf\mhf\debug\startmbtn.obj
c:\users\baohao\source\repos\3.crazy arcade git\c.a-\mhf\mhf\debug\monstage.obj
c:\users\baohao\source\repos\3.crazy arcade git\c.a-\mhf\debug\mhf.ilk
c:\users\baohao\source\repos\3.crazy arcade git\c.a-\mhf\debug\mhf.exe
c:\users\baohao\source\repos\3.crazy arcade git\c.a-\mhf\debug\mhf.pdb
c:\users\baohao\source\repos\3.crazy arcade git\c.a-\mhf\mhf\debug\mhf.res
c:\users\baohao\source\repos\3.crazy arcade git\c.a-\mhf\mhf\debug\mhf.tlog\cl.command.1.tlog
c:\users\baohao\source\repos\3.crazy arcade git\c.a-\mhf\mhf\debug\mhf.tlog\cl.read.1.tlog
c:\users\baohao\source\repos\3.crazy arcade git\c.a-\mhf\mhf\debug\mhf.tlog\cl.write.1.tlog
c:\users\baohao\source\repos\3.crazy arcade git\c.a-\mhf\mhf\debug\mhf.tlog\link.command.1.tlog
c:\users\baohao\source\repos\3.crazy arcade git\c.a-\mhf\mhf\debug\mhf.tlog\link.read.1.tlog
c:\users\baohao\source\repos\3.crazy arcade git\c.a-\mhf\mhf\debug\mhf.tlog\link.write.1.tlog
c:\users\baohao\source\repos\3.crazy arcade git\c.a-\mhf\mhf\debug\mhf.tlog\rc.command.1.tlog
c:\users\baohao\source\repos\3.crazy arcade git\c.a-\mhf\mhf\debug\mhf.tlog\rc.read.1.tlog
c:\users\baohao\source\repos\3.crazy arcade git\c.a-\mhf\mhf\debug\mhf.tlog\rc.write.1.tlog
